2025-10-06 15:43:13,745 INFO new student was appended
2025-10-06 15:43:13,746 INFO students.json has been created
2025-10-06 15:43:13,758 INFO students.json has been loaded
2025-10-06 15:43:30,615 INFO new student was appended
2025-10-06 15:43:30,617 INFO students.json has been created
2025-10-06 15:43:30,618 INFO students.json has been loaded
2025-10-06 15:45:24,072 INFO new student was appended
2025-10-06 15:45:24,073 INFO updated data saved successfully
2025-10-06 15:45:24,075 INFO file read successfully
2025-10-06 15:46:05,759 INFO data added successfully
2025-10-06 15:46:05,759 INFO new student was appended
2025-10-06 15:46:05,760 INFO updated data saved successfully
2025-10-06 15:46:05,762 INFO file read successfully
2025-10-06 15:46:55,422 INFO data added successfully
2025-10-06 15:46:55,422 INFO new student was appended
2025-10-06 15:46:55,423 INFO updated data saved successfully
2025-10-06 15:46:55,425 INFO file read successfully
2025-10-06 15:47:58,213 INFO data added successfully
2025-10-06 15:47:58,214 INFO new student was appended
2025-10-06 15:47:58,214 INFO file read successfully
2025-10-06 15:47:58,215 INFO updated data saved successfully
